[00:27:57] [ServerMain/INFO]: Environment: authHost='https://authserver.mojang.com', accountsHost='https://api.mojang.com', sessionHost='https://sessionserver.mojang.com', servicesHost='https://api.minecraftservices.com', name='PROD'
[00:27:59] [ServerMain/INFO]: Loaded 7 recipes
[00:27:59] [ServerMain/INFO]: Loaded 1271 advancements
[00:27:59] [Server thread/INFO]: Starting minecraft server version 1.20.1
[00:27:59] [Server thread/INFO]: Loading properties
[00:27:59] [Server thread/INFO]: Default game type: SURVIVAL
[00:27:59] [Server thread/INFO]: Generating keypair
[00:27:59] [Server thread/INFO]: Starting Minecraft server on *:25565
[00:27:59] [Server thread/INFO]: Using epoll channel type
[00:27:59] [Server thread/WARN]: **** SERVER IS RUNNING IN OFFLINE/INSECURE MODE!
[00:27:59] [Server thread/WARN]: The server will make no attempt to authenticate usernames. Beware.
[00:27:59] [Server thread/WARN]: While this makes the game possible to play without internet access, it also opens up the ability for hackers to connect with any username they choose.
[00:27:59] [Server thread/WARN]: To change this, set "online-mode" to "true" in the server.properties file.
[00:28:00] [Server thread/INFO]: Preparing level "world"
[00:28:02] [Server thread/INFO]: Preparing start region for dimension minecraft:overworld
[00:28:05] [Worker-Main-2/INFO]: Preparing spawn area: 0%
[00:28:05] [Worker-Main-1/INFO]: Preparing spawn area: 0%
[00:28:05] [Worker-Main-1/INFO]: Preparing spawn area: 0%
[00:28:05] [Worker-Main-1/INFO]: Preparing spawn area: 0%
[00:28:05] [Worker-Main-1/INFO]: Preparing spawn area: 0%
[00:28:05] [Worker-Main-1/INFO]: Preparing spawn area: 0%
[00:28:05] [Worker-Main-1/INFO]: Preparing spawn area: 0%
[00:28:05] [Worker-Main-1/INFO]: Preparing spawn area: 0%
[00:28:06] [Worker-Main-1/INFO]: Preparing spawn area: 76%
[00:28:06] [Server thread/INFO]: Time elapsed: 4193 ms
[00:28:06] [Server thread/INFO]: Done (6.530s)! For help, type "help"
[00:42:09] [Server thread/INFO]: Unknown or incomplete command, see below for error
[00:42:09] [Server thread/INFO]: <--[HERE]
[00:42:10] [Server thread/INFO]: Unknown or incomplete command, see below for error
[00:42:10] [Server thread/INFO]: <--[HERE]
